  player.cpp
d:\임진성\c++\6달\임진성 - dragon's crown\소스코드\2dframework\player.cpp(63): warning C4305: '인수': 'double'에서 'float'(으)로 잘립니다.
d:\임진성\c++\6달\임진성 - dragon's crown\소스코드\2dframework\player.cpp(223): warning C4244: '=': 'double'에서 'int'(으)로 변환하면서 데이터가 손실될 수 있습니다.
d:\임진성\c++\6달\임진성 - dragon's crown\소스코드\2dframework\player.cpp(232): warning C4244: '=': 'double'에서 'int'(으)로 변환하면서 데이터가 손실될 수 있습니다.
d:\임진성\c++\6달\임진성 - dragon's crown\소스코드\2dframework\player.cpp(234): warning C4244: '=': 'double'에서 'int'(으)로 변환하면서 데이터가 손실될 수 있습니다.
d:\임진성\c++\6달\임진성 - dragon's crown\소스코드\2dframework\player.cpp(249): warning C4996: 'strcpy': This function or variable may be unsafe. Consider using strcpy_s instead. To disable deprecation, use _CRT_SECURE_NO_WARNINGS. See online help for details.
  c:\program files (x86)\windows kits\10\include\10.0.17763.0\ucrt\string.h(133): note: 'strcpy' 선언을 참조하십시오.
d:\임진성\c++\6달\임진성 - dragon's crown\소스코드\2dframework\player.cpp(307): warning C4244: '인수': 'float'에서 'int'(으)로 변환하면서 데이터가 손실될 수 있습니다.
d:\임진성\c++\6달\임진성 - dragon's crown\소스코드\2dframework\player.cpp(313): warning C4244: '인수': 'float'에서 'int'(으)로 변환하면서 데이터가 손실될 수 있습니다.
d:\임진성\c++\6달\임진성 - dragon's crown\소스코드\2dframework\player.cpp(316): warning C4244: '인수': 'float'에서 'int'(으)로 변환하면서 데이터가 손실될 수 있습니다.
d:\임진성\c++\6달\임진성 - dragon's crown\소스코드\2dframework\player.cpp(321): warning C4244: '인수': 'float'에서 'int'(으)로 변환하면서 데이터가 손실될 수 있습니다.
d:\임진성\c++\6달\임진성 - dragon's crown\소스코드\2dframework\player.cpp(324): warning C4244: '인수': 'float'에서 'int'(으)로 변환하면서 데이터가 손실될 수 있습니다.
d:\임진성\c++\6달\임진성 - dragon's crown\소스코드\2dframework\player.cpp(328): warning C4244: '인수': 'float'에서 'int'(으)로 변환하면서 데이터가 손실될 수 있습니다.
d:\임진성\c++\6달\임진성 - dragon's crown\소스코드\2dframework\player.cpp(338): warning C4244: '인수': 'float'에서 'int'(으)로 변환하면서 데이터가 손실될 수 있습니다.
d:\임진성\c++\6달\임진성 - dragon's crown\소스코드\2dframework\player.cpp(341): warning C4244: '인수': 'float'에서 'int'(으)로 변환하면서 데이터가 손실될 수 있습니다.
d:\임진성\c++\6달\임진성 - dragon's crown\소스코드\2dframework\player.cpp(351): warning C4244: '인수': 'float'에서 'int'(으)로 변환하면서 데이터가 손실될 수 있습니다.
d:\임진성\c++\6달\임진성 - dragon's crown\소스코드\2dframework\player.cpp(358): warning C4244: '인수': 'float'에서 'int'(으)로 변환하면서 데이터가 손실될 수 있습니다.
d:\임진성\c++\6달\임진성 - dragon's crown\소스코드\2dframework\player.cpp(365): warning C4244: '인수': 'float'에서 'int'(으)로 변환하면서 데이터가 손실될 수 있습니다.
d:\임진성\c++\6달\임진성 - dragon's crown\소스코드\2dframework\player.cpp(374): warning C4244: '인수': 'float'에서 'int'(으)로 변환하면서 데이터가 손실될 수 있습니다.
d:\임진성\c++\6달\임진성 - dragon's crown\소스코드\2dframework\player.cpp(381): warning C4244: '인수': 'float'에서 'int'(으)로 변환하면서 데이터가 손실될 수 있습니다.
d:\임진성\c++\6달\임진성 - dragon's crown\소스코드\2dframework\player.cpp(388): warning C4244: '인수': 'float'에서 'int'(으)로 변환하면서 데이터가 손실될 수 있습니다.
d:\임진성\c++\6달\임진성 - dragon's crown\소스코드\2dframework\player.cpp(396): warning C4244: '인수': 'float'에서 'int'(으)로 변환하면서 데이터가 손실될 수 있습니다.
d:\임진성\c++\6달\임진성 - dragon's crown\소스코드\2dframework\player.cpp(403): warning C4244: '인수': 'float'에서 'int'(으)로 변환하면서 데이터가 손실될 수 있습니다.
d:\임진성\c++\6달\임진성 - dragon's crown\소스코드\2dframework\player.cpp(410): warning C4244: '인수': 'float'에서 'int'(으)로 변환하면서 데이터가 손실될 수 있습니다.
d:\임진성\c++\6달\임진성 - dragon's crown\소스코드\2dframework\player.cpp(415): warning C4244: '인수': 'float'에서 'int'(으)로 변환하면서 데이터가 손실될 수 있습니다.
d:\임진성\c++\6달\임진성 - dragon's crown\소스코드\2dframework\player.cpp(422): warning C4244: '인수': 'float'에서 'int'(으)로 변환하면서 데이터가 손실될 수 있습니다.
d:\임진성\c++\6달\임진성 - dragon's crown\소스코드\2dframework\player.cpp(429): warning C4244: '인수': 'float'에서 'int'(으)로 변환하면서 데이터가 손실될 수 있습니다.
d:\임진성\c++\6달\임진성 - dragon's crown\소스코드\2dframework\player.cpp(442): warning C4244: '인수': 'float'에서 'int'(으)로 변환하면서 데이터가 손실될 수 있습니다.
d:\임진성\c++\6달\임진성 - dragon's crown\소스코드\2dframework\player.cpp(448): warning C4244: '인수': 'float'에서 'int'(으)로 변환하면서 데이터가 손실될 수 있습니다.
d:\임진성\c++\6달\임진성 - dragon's crown\소스코드\2dframework\player.cpp(454): warning C4244: '인수': 'float'에서 'int'(으)로 변환하면서 데이터가 손실될 수 있습니다.
d:\임진성\c++\6달\임진성 - dragon's crown\소스코드\2dframework\player.cpp(462): warning C4244: '인수': 'float'에서 'int'(으)로 변환하면서 데이터가 손실될 수 있습니다.
d:\임진성\c++\6달\임진성 - dragon's crown\소스코드\2dframework\player.cpp(469): warning C4244: '인수': 'float'에서 'int'(으)로 변환하면서 데이터가 손실될 수 있습니다.
d:\임진성\c++\6달\임진성 - dragon's crown\소스코드\2dframework\player.cpp(476): warning C4244: '인수': 'float'에서 'int'(으)로 변환하면서 데이터가 손실될 수 있습니다.
d:\임진성\c++\6달\임진성 - dragon's crown\소스코드\2dframework\player.cpp(482): warning C4244: '인수': 'float'에서 'int'(으)로 변환하면서 데이터가 손실될 수 있습니다.
d:\임진성\c++\6달\임진성 - dragon's crown\소스코드\2dframework\player.cpp(489): warning C4244: '인수': 'float'에서 'int'(으)로 변환하면서 데이터가 손실될 수 있습니다.
d:\임진성\c++\6달\임진성 - dragon's crown\소스코드\2dframework\player.cpp(496): warning C4244: '인수': 'float'에서 'int'(으)로 변환하면서 데이터가 손실될 수 있습니다.
d:\임진성\c++\6달\임진성 - dragon's crown\소스코드\2dframework\player.cpp(512): warning C4244: '인수': 'float'에서 'int'(으)로 변환하면서 데이터가 손실될 수 있습니다.
d:\임진성\c++\6달\임진성 - dragon's crown\소스코드\2dframework\player.cpp(518): warning C4244: '인수': 'float'에서 'int'(으)로 변환하면서 데이터가 손실될 수 있습니다.
d:\임진성\c++\6달\임진성 - dragon's crown\소스코드\2dframework\player.cpp(525): warning C4244: '인수': 'float'에서 'int'(으)로 변환하면서 데이터가 손실될 수 있습니다.
d:\임진성\c++\6달\임진성 - dragon's crown\소스코드\2dframework\player.cpp(530): warning C4244: '인수': 'float'에서 'int'(으)로 변환하면서 데이터가 손실될 수 있습니다.
d:\임진성\c++\6달\임진성 - dragon's crown\소스코드\2dframework\player.cpp(539): warning C4244: '인수': 'float'에서 'int'(으)로 변환하면서 데이터가 손실될 수 있습니다.
d:\임진성\c++\6달\임진성 - dragon's crown\소스코드\2dframework\player.cpp(541): warning C4244: '인수': 'float'에서 'int'(으)로 변환하면서 데이터가 손실될 수 있습니다.
d:\임진성\c++\6달\임진성 - dragon's crown\소스코드\2dframework\player.cpp(550): warning C4244: '인수': 'float'에서 'int'(으)로 변환하면서 데이터가 손실될 수 있습니다.
d:\임진성\c++\6달\임진성 - dragon's crown\소스코드\2dframework\player.cpp(556): warning C4244: '인수': 'float'에서 'int'(으)로 변환하면서 데이터가 손실될 수 있습니다.
d:\임진성\c++\6달\임진성 - dragon's crown\소스코드\2dframework\player.cpp(563): warning C4244: '인수': 'float'에서 'int'(으)로 변환하면서 데이터가 손실될 수 있습니다.
d:\임진성\c++\6달\임진성 - dragon's crown\소스코드\2dframework\player.cpp(568): warning C4244: '인수': 'float'에서 'int'(으)로 변환하면서 데이터가 손실될 수 있습니다.
d:\임진성\c++\6달\임진성 - dragon's crown\소스코드\2dframework\player.cpp(575): warning C4244: '인수': 'float'에서 'int'(으)로 변환하면서 데이터가 손실될 수 있습니다.
d:\임진성\c++\6달\임진성 - dragon's crown\소스코드\2dframework\player.cpp(577): warning C4244: '인수': 'float'에서 'int'(으)로 변환하면서 데이터가 손실될 수 있습니다.
d:\임진성\c++\6달\임진성 - dragon's crown\소스코드\2dframework\player.cpp(586): warning C4244: '인수': 'float'에서 'int'(으)로 변환하면서 데이터가 손실될 수 있습니다.
d:\임진성\c++\6달\임진성 - dragon's crown\소스코드\2dframework\player.cpp(592): warning C4244: '인수': 'float'에서 'int'(으)로 변환하면서 데이터가 손실될 수 있습니다.
d:\임진성\c++\6달\임진성 - dragon's crown\소스코드\2dframework\player.cpp(599): warning C4244: '인수': 'float'에서 'int'(으)로 변환하면서 데이터가 손실될 수 있습니다.
d:\임진성\c++\6달\임진성 - dragon's crown\소스코드\2dframework\player.cpp(604): warning C4244: '인수': 'float'에서 'int'(으)로 변환하면서 데이터가 손실될 수 있습니다.
d:\임진성\c++\6달\임진성 - dragon's crown\소스코드\2dframework\player.cpp(611): warning C4244: '인수': 'float'에서 'int'(으)로 변환하면서 데이터가 손실될 수 있습니다.
d:\임진성\c++\6달\임진성 - dragon's crown\소스코드\2dframework\player.cpp(613): warning C4244: '인수': 'float'에서 'int'(으)로 변환하면서 데이터가 손실될 수 있습니다.
d:\임진성\c++\6달\임진성 - dragon's crown\소스코드\2dframework\player.cpp(622): warning C4244: '인수': 'float'에서 'int'(으)로 변환하면서 데이터가 손실될 수 있습니다.
d:\임진성\c++\6달\임진성 - dragon's crown\소스코드\2dframework\player.cpp(628): warning C4244: '인수': 'float'에서 'int'(으)로 변환하면서 데이터가 손실될 수 있습니다.
d:\임진성\c++\6달\임진성 - dragon's crown\소스코드\2dframework\player.cpp(634): warning C4244: '인수': 'float'에서 'int'(으)로 변환하면서 데이터가 손실될 수 있습니다.
d:\임진성\c++\6달\임진성 - dragon's crown\소스코드\2dframework\player.cpp(642): warning C4244: '인수': 'float'에서 'int'(으)로 변환하면서 데이터가 손실될 수 있습니다.
d:\임진성\c++\6달\임진성 - dragon's crown\소스코드\2dframework\player.cpp(650): warning C4244: '인수': 'float'에서 'int'(으)로 변환하면서 데이터가 손실될 수 있습니다.
d:\임진성\c++\6달\임진성 - dragon's crown\소스코드\2dframework\player.cpp(659): warning C4244: '인수': 'float'에서 'int'(으)로 변환하면서 데이터가 손실될 수 있습니다.
d:\임진성\c++\6달\임진성 - dragon's crown\소스코드\2dframework\player.cpp(664): warning C4244: '인수': 'float'에서 'int'(으)로 변환하면서 데이터가 손실될 수 있습니다.
d:\임진성\c++\6달\임진성 - dragon's crown\소스코드\2dframework\player.cpp(671): warning C4244: '인수': 'float'에서 'int'(으)로 변환하면서 데이터가 손실될 수 있습니다.
d:\임진성\c++\6달\임진성 - dragon's crown\소스코드\2dframework\player.cpp(673): warning C4244: '인수': 'float'에서 'int'(으)로 변환하면서 데이터가 손실될 수 있습니다.
d:\임진성\c++\6달\임진성 - dragon's crown\소스코드\2dframework\player.cpp(683): warning C4244: '인수': 'float'에서 'int'(으)로 변환하면서 데이터가 손실될 수 있습니다.
d:\임진성\c++\6달\임진성 - dragon's crown\소스코드\2dframework\player.cpp(690): warning C4244: '인수': 'float'에서 'int'(으)로 변환하면서 데이터가 손실될 수 있습니다.
d:\임진성\c++\6달\임진성 - dragon's crown\소스코드\2dframework\player.cpp(697): warning C4244: '인수': 'float'에서 'int'(으)로 변환하면서 데이터가 손실될 수 있습니다.
d:\임진성\c++\6달\임진성 - dragon's crown\소스코드\2dframework\player.cpp(705): warning C4244: '인수': 'float'에서 'int'(으)로 변환하면서 데이터가 손실될 수 있습니다.
d:\임진성\c++\6달\임진성 - dragon's crown\소스코드\2dframework\player.cpp(711): warning C4244: '인수': 'float'에서 'int'(으)로 변환하면서 데이터가 손실될 수 있습니다.
d:\임진성\c++\6달\임진성 - dragon's crown\소스코드\2dframework\player.cpp(717): warning C4244: '인수': 'float'에서 'int'(으)로 변환하면서 데이터가 손실될 수 있습니다.
d:\임진성\c++\6달\임진성 - dragon's crown\소스코드\2dframework\player.cpp(722): warning C4244: '인수': 'float'에서 'int'(으)로 변환하면서 데이터가 손실될 수 있습니다.
d:\임진성\c++\6달\임진성 - dragon's crown\소스코드\2dframework\player.cpp(729): warning C4244: '인수': 'float'에서 'int'(으)로 변환하면서 데이터가 손실될 수 있습니다.
d:\임진성\c++\6달\임진성 - dragon's crown\소스코드\2dframework\player.cpp(731): warning C4244: '인수': 'float'에서 'int'(으)로 변환하면서 데이터가 손실될 수 있습니다.
d:\임진성\c++\6달\임진성 - dragon's crown\소스코드\2dframework\player.cpp(741): warning C4244: '인수': 'float'에서 'int'(으)로 변환하면서 데이터가 손실될 수 있습니다.
d:\임진성\c++\6달\임진성 - dragon's crown\소스코드\2dframework\player.cpp(747): warning C4244: '인수': 'float'에서 'int'(으)로 변환하면서 데이터가 손실될 수 있습니다.
d:\임진성\c++\6달\임진성 - dragon's crown\소스코드\2dframework\player.cpp(753): warning C4244: '인수': 'float'에서 'int'(으)로 변환하면서 데이터가 손실될 수 있습니다.
d:\임진성\c++\6달\임진성 - dragon's crown\소스코드\2dframework\player.cpp(758): warning C4244: '인수': 'float'에서 'int'(으)로 변환하면서 데이터가 손실될 수 있습니다.
d:\임진성\c++\6달\임진성 - dragon's crown\소스코드\2dframework\player.cpp(765): warning C4244: '인수': 'float'에서 'int'(으)로 변환하면서 데이터가 손실될 수 있습니다.
d:\임진성\c++\6달\임진성 - dragon's crown\소스코드\2dframework\player.cpp(767): warning C4244: '인수': 'float'에서 'int'(으)로 변환하면서 데이터가 손실될 수 있습니다.
d:\임진성\c++\6달\임진성 - dragon's crown\소스코드\2dframework\player.cpp(777): warning C4244: '인수': 'float'에서 'int'(으)로 변환하면서 데이터가 손실될 수 있습니다.
d:\임진성\c++\6달\임진성 - dragon's crown\소스코드\2dframework\player.cpp(783): warning C4244: '인수': 'float'에서 'int'(으)로 변환하면서 데이터가 손실될 수 있습니다.
d:\임진성\c++\6달\임진성 - dragon's crown\소스코드\2dframework\player.cpp(789): warning C4244: '인수': 'float'에서 'int'(으)로 변환하면서 데이터가 손실될 수 있습니다.
d:\임진성\c++\6달\임진성 - dragon's crown\소스코드\2dframework\player.cpp(794): warning C4244: '인수': 'float'에서 'int'(으)로 변환하면서 데이터가 손실될 수 있습니다.
d:\임진성\c++\6달\임진성 - dragon's crown\소스코드\2dframework\player.cpp(801): warning C4244: '인수': 'float'에서 'int'(으)로 변환하면서 데이터가 손실될 수 있습니다.
d:\임진성\c++\6달\임진성 - dragon's crown\소스코드\2dframework\player.cpp(803): warning C4244: '인수': 'float'에서 'int'(으)로 변환하면서 데이터가 손실될 수 있습니다.
d:\임진성\c++\6달\임진성 - dragon's crown\소스코드\2dframework\player.cpp(813): warning C4244: '인수': 'float'에서 'int'(으)로 변환하면서 데이터가 손실될 수 있습니다.
d:\임진성\c++\6달\임진성 - dragon's crown\소스코드\2dframework\player.cpp(819): warning C4244: '인수': 'float'에서 'int'(으)로 변환하면서 데이터가 손실될 수 있습니다.
d:\임진성\c++\6달\임진성 - dragon's crown\소스코드\2dframework\player.cpp(825): warning C4244: '인수': 'float'에서 'int'(으)로 변환하면서 데이터가 손실될 수 있습니다.
d:\임진성\c++\6달\임진성 - dragon's crown\소스코드\2dframework\player.cpp(829): warning C4244: '인수': 'float'에서 'int'(으)로 변환하면서 데이터가 손실될 수 있습니다.
d:\임진성\c++\6달\임진성 - dragon's crown\소스코드\2dframework\player.cpp(836): warning C4244: '인수': 'float'에서 'int'(으)로 변환하면서 데이터가 손실될 수 있습니다.
d:\임진성\c++\6달\임진성 - dragon's crown\소스코드\2dframework\player.cpp(838): warning C4244: '인수': 'float'에서 'int'(으)로 변환하면서 데이터가 손실될 수 있습니다.
d:\임진성\c++\6달\임진성 - dragon's crown\소스코드\2dframework\player.cpp(847): warning C4244: '인수': 'float'에서 'int'(으)로 변환하면서 데이터가 손실될 수 있습니다.
d:\임진성\c++\6달\임진성 - dragon's crown\소스코드\2dframework\player.cpp(853): warning C4244: '인수': 'float'에서 'int'(으)로 변환하면서 데이터가 손실될 수 있습니다.
d:\임진성\c++\6달\임진성 - dragon's crown\소스코드\2dframework\player.cpp(860): warning C4244: '인수': 'float'에서 'int'(으)로 변환하면서 데이터가 손실될 수 있습니다.
d:\임진성\c++\6달\임진성 - dragon's crown\소스코드\2dframework\player.cpp(864): warning C4244: '인수': 'float'에서 'int'(으)로 변환하면서 데이터가 손실될 수 있습니다.
d:\임진성\c++\6달\임진성 - dragon's crown\소스코드\2dframework\player.cpp(871): warning C4244: '인수': 'float'에서 'int'(으)로 변환하면서 데이터가 손실될 수 있습니다.
d:\임진성\c++\6달\임진성 - dragon's crown\소스코드\2dframework\player.cpp(873): warning C4244: '인수': 'float'에서 'int'(으)로 변환하면서 데이터가 손실될 수 있습니다.
d:\임진성\c++\6달\임진성 - dragon's crown\소스코드\2dframework\player.cpp(882): warning C4244: '인수': 'float'에서 'int'(으)로 변환하면서 데이터가 손실될 수 있습니다.
d:\임진성\c++\6달\임진성 - dragon's crown\소스코드\2dframework\player.cpp(888): warning C4244: '인수': 'float'에서 'int'(으)로 변환하면서 데이터가 손실될 수 있습니다.
d:\임진성\c++\6달\임진성 - dragon's crown\소스코드\2dframework\player.cpp(895): warning C4244: '인수': 'float'에서 'int'(으)로 변환하면서 데이터가 손실될 수 있습니다.
d:\임진성\c++\6달\임진성 - dragon's crown\소스코드\2dframework\player.cpp(899): warning C4244: '인수': 'float'에서 'int'(으)로 변환하면서 데이터가 손실될 수 있습니다.
d:\임진성\c++\6달\임진성 - dragon's crown\소스코드\2dframework\player.cpp(906): warning C4244: '인수': 'float'에서 'int'(으)로 변환하면서 데이터가 손실될 수 있습니다.
d:\임진성\c++\6달\임진성 - dragon's crown\소스코드\2dframework\player.cpp(908): warning C4244: '인수': 'float'에서 'int'(으)로 변환하면서 데이터가 손실될 수 있습니다.
d:\임진성\c++\6달\임진성 - dragon's crown\소스코드\2dframework\player.cpp(914): warning C4244: '인수': 'float'에서 'int'(으)로 변환하면서 데이터가 손실될 수 있습니다.
d:\임진성\c++\6달\임진성 - dragon's crown\소스코드\2dframework\player.cpp(920): warning C4244: '인수': 'float'에서 'int'(으)로 변환하면서 데이터가 손실될 수 있습니다.
d:\임진성\c++\6달\임진성 - dragon's crown\소스코드\2dframework\player.cpp(926): warning C4244: '인수': 'float'에서 'int'(으)로 변환하면서 데이터가 손실될 수 있습니다.
d:\임진성\c++\6달\임진성 - dragon's crown\소스코드\2dframework\player.cpp(931): warning C4244: '인수': 'float'에서 'int'(으)로 변환하면서 데이터가 손실될 수 있습니다.
d:\임진성\c++\6달\임진성 - dragon's crown\소스코드\2dframework\player.cpp(937): warning C4244: '인수': 'float'에서 'int'(으)로 변환하면서 데이터가 손실될 수 있습니다.
d:\임진성\c++\6달\임진성 - dragon's crown\소스코드\2dframework\player.cpp(945): warning C4244: '인수': 'float'에서 'int'(으)로 변환하면서 데이터가 손실될 수 있습니다.
d:\임진성\c++\6달\임진성 - dragon's crown\소스코드\2dframework\player.cpp(950): warning C4244: '인수': 'float'에서 'int'(으)로 변환하면서 데이터가 손실될 수 있습니다.
d:\임진성\c++\6달\임진성 - dragon's crown\소스코드\2dframework\player.cpp(956): warning C4244: '인수': 'float'에서 'int'(으)로 변환하면서 데이터가 손실될 수 있습니다.
d:\임진성\c++\6달\임진성 - dragon's crown\소스코드\2dframework\player.cpp(964): warning C4244: '인수': 'float'에서 'int'(으)로 변환하면서 데이터가 손실될 수 있습니다.
d:\임진성\c++\6달\임진성 - dragon's crown\소스코드\2dframework\player.cpp(973): warning C4244: '인수': 'float'에서 'int'(으)로 변환하면서 데이터가 손실될 수 있습니다.
d:\임진성\c++\6달\임진성 - dragon's crown\소스코드\2dframework\player.cpp(979): warning C4244: '인수': 'float'에서 'int'(으)로 변환하면서 데이터가 손실될 수 있습니다.
d:\임진성\c++\6달\임진성 - dragon's crown\소스코드\2dframework\player.cpp(985): warning C4244: '인수': 'float'에서 'int'(으)로 변환하면서 데이터가 손실될 수 있습니다.
d:\임진성\c++\6달\임진성 - dragon's crown\소스코드\2dframework\player.cpp(993): warning C4244: '인수': 'float'에서 'int'(으)로 변환하면서 데이터가 손실될 수 있습니다.
d:\임진성\c++\6달\임진성 - dragon's crown\소스코드\2dframework\player.cpp(999): warning C4244: '인수': 'float'에서 'int'(으)로 변환하면서 데이터가 손실될 수 있습니다.
d:\임진성\c++\6달\임진성 - dragon's crown\소스코드\2dframework\player.cpp(1005): warning C4244: '인수': 'float'에서 'int'(으)로 변환하면서 데이터가 손실될 수 있습니다.
d:\임진성\c++\6달\임진성 - dragon's crown\소스코드\2dframework\player.cpp(1013): warning C4244: '인수': 'float'에서 'int'(으)로 변환하면서 데이터가 손실될 수 있습니다.
d:\임진성\c++\6달\임진성 - dragon's crown\소스코드\2dframework\player.cpp(1019): warning C4244: '인수': 'float'에서 'int'(으)로 변환하면서 데이터가 손실될 수 있습니다.
d:\임진성\c++\6달\임진성 - dragon's crown\소스코드\2dframework\player.cpp(1025): warning C4244: '인수': 'float'에서 'int'(으)로 변환하면서 데이터가 손실될 수 있습니다.
d:\임진성\c++\6달\임진성 - dragon's crown\소스코드\2dframework\player.cpp(1034): warning C4244: '인수': 'float'에서 'int'(으)로 변환하면서 데이터가 손실될 수 있습니다.
d:\임진성\c++\6달\임진성 - dragon's crown\소스코드\2dframework\player.cpp(1040): warning C4244: '인수': 'float'에서 'int'(으)로 변환하면서 데이터가 손실될 수 있습니다.
d:\임진성\c++\6달\임진성 - dragon's crown\소스코드\2dframework\player.cpp(1046): warning C4244: '인수': 'float'에서 'int'(으)로 변환하면서 데이터가 손실될 수 있습니다.
d:\임진성\c++\6달\임진성 - dragon's crown\소스코드\2dframework\player.cpp(1055): warning C4244: '인수': 'float'에서 'int'(으)로 변환하면서 데이터가 손실될 수 있습니다.
d:\임진성\c++\6달\임진성 - dragon's crown\소스코드\2dframework\player.cpp(1061): warning C4244: '인수': 'float'에서 'int'(으)로 변환하면서 데이터가 손실될 수 있습니다.
d:\임진성\c++\6달\임진성 - dragon's crown\소스코드\2dframework\player.cpp(1067): warning C4244: '인수': 'float'에서 'int'(으)로 변환하면서 데이터가 손실될 수 있습니다.
d:\임진성\c++\6달\임진성 - dragon's crown\소스코드\2dframework\player.cpp(1080): warning C4244: '인수': 'float'에서 'int'(으)로 변환하면서 데이터가 손실될 수 있습니다.
d:\임진성\c++\6달\임진성 - dragon's crown\소스코드\2dframework\player.cpp(1083): warning C4838: 'float'에서 'LONG'(으)로의 변환에는 축소 변환이 필요합니다.
d:\임진성\c++\6달\임진성 - dragon's crown\소스코드\2dframework\player.cpp(1083): warning C4244: '초기화 중': 'float'에서 'LONG'(으)로 변환하면서 데이터가 손실될 수 있습니다.
d:\임진성\c++\6달\임진성 - dragon's crown\소스코드\2dframework\player.cpp(1087): warning C4244: '인수': 'float'에서 'int'(으)로 변환하면서 데이터가 손실될 수 있습니다.
d:\임진성\c++\6달\임진성 - dragon's crown\소스코드\2dframework\player.cpp(1093): warning C4244: '인수': 'float'에서 'int'(으)로 변환하면서 데이터가 손실될 수 있습니다.
d:\임진성\c++\6달\임진성 - dragon's crown\소스코드\2dframework\player.cpp(1100): warning C4244: '인수': 'float'에서 'int'(으)로 변환하면서 데이터가 손실될 수 있습니다.
d:\임진성\c++\6달\임진성 - dragon's crown\소스코드\2dframework\player.cpp(1106): warning C4244: '인수': 'float'에서 'int'(으)로 변환하면서 데이터가 손실될 수 있습니다.
d:\임진성\c++\6달\임진성 - dragon's crown\소스코드\2dframework\player.cpp(1113): warning C4244: '인수': 'float'에서 'int'(으)로 변환하면서 데이터가 손실될 수 있습니다.
d:\임진성\c++\6달\임진성 - dragon's crown\소스코드\2dframework\player.cpp(1119): warning C4244: '인수': 'float'에서 'int'(으)로 변환하면서 데이터가 손실될 수 있습니다.
d:\임진성\c++\6달\임진성 - dragon's crown\소스코드\2dframework\player.cpp(1126): warning C4244: '인수': 'float'에서 'int'(으)로 변환하면서 데이터가 손실될 수 있습니다.
d:\임진성\c++\6달\임진성 - dragon's crown\소스코드\2dframework\player.cpp(1132): warning C4244: '인수': 'float'에서 'int'(으)로 변환하면서 데이터가 손실될 수 있습니다.
d:\임진성\c++\6달\임진성 - dragon's crown\소스코드\2dframework\player.cpp(1139): warning C4244: '인수': 'float'에서 'int'(으)로 변환하면서 데이터가 손실될 수 있습니다.
d:\임진성\c++\6달\임진성 - dragon's crown\소스코드\2dframework\player.cpp(1145): warning C4244: '인수': 'float'에서 'int'(으)로 변환하면서 데이터가 손실될 수 있습니다.
d:\임진성\c++\6달\임진성 - dragon's crown\소스코드\2dframework\player.cpp(1152): warning C4244: '인수': 'float'에서 'int'(으)로 변환하면서 데이터가 손실될 수 있습니다.
d:\임진성\c++\6달\임진성 - dragon's crown\소스코드\2dframework\player.cpp(1158): warning C4244: '인수': 'float'에서 'int'(으)로 변환하면서 데이터가 손실될 수 있습니다.
d:\임진성\c++\6달\임진성 - dragon's crown\소스코드\2dframework\player.cpp(1165): warning C4244: '인수': 'float'에서 'int'(으)로 변환하면서 데이터가 손실될 수 있습니다.
d:\임진성\c++\6달\임진성 - dragon's crown\소스코드\2dframework\player.cpp(1171): warning C4244: '인수': 'float'에서 'int'(으)로 변환하면서 데이터가 손실될 수 있습니다.
d:\임진성\c++\6달\임진성 - dragon's crown\소스코드\2dframework\player.cpp(1178): warning C4244: '인수': 'float'에서 'int'(으)로 변환하면서 데이터가 손실될 수 있습니다.
d:\임진성\c++\6달\임진성 - dragon's crown\소스코드\2dframework\player.cpp(1184): warning C4244: '인수': 'float'에서 'int'(으)로 변환하면서 데이터가 손실될 수 있습니다.
d:\임진성\c++\6달\임진성 - dragon's crown\소스코드\2dframework\player.cpp(538): warning C4996: 'sprintf': This function or variable may be unsafe. Consider using sprintf_s instead. To disable deprecation, use _CRT_SECURE_NO_WARNINGS. See online help for details.
  c:\program files (x86)\windows kits\10\include\10.0.17763.0\ucrt\stdio.h(1774): note: 'sprintf' 선언을 참조하십시오.
d:\임진성\c++\6달\임진성 - dragon's crown\소스코드\2dframework\player.cpp(540): warning C4996: 'sprintf': This function or variable may be unsafe. Consider using sprintf_s instead. To disable deprecation, use _CRT_SECURE_NO_WARNINGS. See online help for details.
  c:\program files (x86)\windows kits\10\include\10.0.17763.0\ucrt\stdio.h(1774): note: 'sprintf' 선언을 참조하십시오.
d:\임진성\c++\6달\임진성 - dragon's crown\소스코드\2dframework\player.cpp(574): warning C4996: 'sprintf': This function or variable may be unsafe. Consider using sprintf_s instead. To disable deprecation, use _CRT_SECURE_NO_WARNINGS. See online help for details.
  c:\program files (x86)\windows kits\10\include\10.0.17763.0\ucrt\stdio.h(1774): note: 'sprintf' 선언을 참조하십시오.
d:\임진성\c++\6달\임진성 - dragon's crown\소스코드\2dframework\player.cpp(576): warning C4996: 'sprintf': This function or variable may be unsafe. Consider using sprintf_s instead. To disable deprecation, use _CRT_SECURE_NO_WARNINGS. See online help for details.
  c:\program files (x86)\windows kits\10\include\10.0.17763.0\ucrt\stdio.h(1774): note: 'sprintf' 선언을 참조하십시오.
d:\임진성\c++\6달\임진성 - dragon's crown\소스코드\2dframework\player.cpp(610): warning C4996: 'sprintf': This function or variable may be unsafe. Consider using sprintf_s instead. To disable deprecation, use _CRT_SECURE_NO_WARNINGS. See online help for details.
  c:\program files (x86)\windows kits\10\include\10.0.17763.0\ucrt\stdio.h(1774): note: 'sprintf' 선언을 참조하십시오.
d:\임진성\c++\6달\임진성 - dragon's crown\소스코드\2dframework\player.cpp(612): warning C4996: 'sprintf': This function or variable may be unsafe. Consider using sprintf_s instead. To disable deprecation, use _CRT_SECURE_NO_WARNINGS. See online help for details.
  c:\program files (x86)\windows kits\10\include\10.0.17763.0\ucrt\stdio.h(1774): note: 'sprintf' 선언을 참조하십시오.
d:\임진성\c++\6달\임진성 - dragon's crown\소스코드\2dframework\player.cpp(670): warning C4996: 'sprintf': This function or variable may be unsafe. Consider using sprintf_s instead. To disable deprecation, use _CRT_SECURE_NO_WARNINGS. See online help for details.
  c:\program files (x86)\windows kits\10\include\10.0.17763.0\ucrt\stdio.h(1774): note: 'sprintf' 선언을 참조하십시오.
d:\임진성\c++\6달\임진성 - dragon's crown\소스코드\2dframework\player.cpp(672): warning C4996: 'sprintf': This function or variable may be unsafe. Consider using sprintf_s instead. To disable deprecation, use _CRT_SECURE_NO_WARNINGS. See online help for details.
  c:\program files (x86)\windows kits\10\include\10.0.17763.0\ucrt\stdio.h(1774): note: 'sprintf' 선언을 참조하십시오.
d:\임진성\c++\6달\임진성 - dragon's crown\소스코드\2dframework\player.cpp(728): warning C4996: 'sprintf': This function or variable may be unsafe. Consider using sprintf_s instead. To disable deprecation, use _CRT_SECURE_NO_WARNINGS. See online help for details.
  c:\program files (x86)\windows kits\10\include\10.0.17763.0\ucrt\stdio.h(1774): note: 'sprintf' 선언을 참조하십시오.
d:\임진성\c++\6달\임진성 - dragon's crown\소스코드\2dframework\player.cpp(730): warning C4996: 'sprintf': This function or variable may be unsafe. Consider using sprintf_s instead. To disable deprecation, use _CRT_SECURE_NO_WARNINGS. See online help for details.
  c:\program files (x86)\windows kits\10\include\10.0.17763.0\ucrt\stdio.h(1774): note: 'sprintf' 선언을 참조하십시오.
d:\임진성\c++\6달\임진성 - dragon's crown\소스코드\2dframework\player.cpp(764): warning C4996: 'sprintf': This function or variable may be unsafe. Consider using sprintf_s instead. To disable deprecation, use _CRT_SECURE_NO_WARNINGS. See online help for details.
  c:\program files (x86)\windows kits\10\include\10.0.17763.0\ucrt\stdio.h(1774): note: 'sprintf' 선언을 참조하십시오.
d:\임진성\c++\6달\임진성 - dragon's crown\소스코드\2dframework\player.cpp(766): warning C4996: 'sprintf': This function or variable may be unsafe. Consider using sprintf_s instead. To disable deprecation, use _CRT_SECURE_NO_WARNINGS. See online help for details.
  c:\program files (x86)\windows kits\10\include\10.0.17763.0\ucrt\stdio.h(1774): note: 'sprintf' 선언을 참조하십시오.
d:\임진성\c++\6달\임진성 - dragon's crown\소스코드\2dframework\player.cpp(800): warning C4996: 'sprintf': This function or variable may be unsafe. Consider using sprintf_s instead. To disable deprecation, use _CRT_SECURE_NO_WARNINGS. See online help for details.
  c:\program files (x86)\windows kits\10\include\10.0.17763.0\ucrt\stdio.h(1774): note: 'sprintf' 선언을 참조하십시오.
d:\임진성\c++\6달\임진성 - dragon's crown\소스코드\2dframework\player.cpp(802): warning C4996: 'sprintf': This function or variable may be unsafe. Consider using sprintf_s instead. To disable deprecation, use _CRT_SECURE_NO_WARNINGS. See online help for details.
  c:\program files (x86)\windows kits\10\include\10.0.17763.0\ucrt\stdio.h(1774): note: 'sprintf' 선언을 참조하십시오.
d:\임진성\c++\6달\임진성 - dragon's crown\소스코드\2dframework\player.cpp(835): warning C4996: 'sprintf': This function or variable may be unsafe. Consider using sprintf_s instead. To disable deprecation, use _CRT_SECURE_NO_WARNINGS. See online help for details.
  c:\program files (x86)\windows kits\10\include\10.0.17763.0\ucrt\stdio.h(1774): note: 'sprintf' 선언을 참조하십시오.
d:\임진성\c++\6달\임진성 - dragon's crown\소스코드\2dframework\player.cpp(837): warning C4996: 'sprintf': This function or variable may be unsafe. Consider using sprintf_s instead. To disable deprecation, use _CRT_SECURE_NO_WARNINGS. See online help for details.
  c:\program files (x86)\windows kits\10\include\10.0.17763.0\ucrt\stdio.h(1774): note: 'sprintf' 선언을 참조하십시오.
d:\임진성\c++\6달\임진성 - dragon's crown\소스코드\2dframework\player.cpp(870): warning C4996: 'sprintf': This function or variable may be unsafe. Consider using sprintf_s instead. To disable deprecation, use _CRT_SECURE_NO_WARNINGS. See online help for details.
  c:\program files (x86)\windows kits\10\include\10.0.17763.0\ucrt\stdio.h(1774): note: 'sprintf' 선언을 참조하십시오.
d:\임진성\c++\6달\임진성 - dragon's crown\소스코드\2dframework\player.cpp(872): warning C4996: 'sprintf': This function or variable may be unsafe. Consider using sprintf_s instead. To disable deprecation, use _CRT_SECURE_NO_WARNINGS. See online help for details.
  c:\program files (x86)\windows kits\10\include\10.0.17763.0\ucrt\stdio.h(1774): note: 'sprintf' 선언을 참조하십시오.
d:\임진성\c++\6달\임진성 - dragon's crown\소스코드\2dframework\player.cpp(905): warning C4996: 'sprintf': This function or variable may be unsafe. Consider using sprintf_s instead. To disable deprecation, use _CRT_SECURE_NO_WARNINGS. See online help for details.
  c:\program files (x86)\windows kits\10\include\10.0.17763.0\ucrt\stdio.h(1774): note: 'sprintf' 선언을 참조하십시오.
d:\임진성\c++\6달\임진성 - dragon's crown\소스코드\2dframework\player.cpp(907): warning C4996: 'sprintf': This function or variable may be unsafe. Consider using sprintf_s instead. To disable deprecation, use _CRT_SECURE_NO_WARNINGS. See online help for details.
  c:\program files (x86)\windows kits\10\include\10.0.17763.0\ucrt\stdio.h(1774): note: 'sprintf' 선언을 참조하십시오.
d:\임진성\c++\6달\임진성 - dragon's crown\소스코드\2dframework\player.cpp(1092): warning C4996: 'sprintf': This function or variable may be unsafe. Consider using sprintf_s instead. To disable deprecation, use _CRT_SECURE_NO_WARNINGS. See online help for details.
  c:\program files (x86)\windows kits\10\include\10.0.17763.0\ucrt\stdio.h(1774): note: 'sprintf' 선언을 참조하십시오.
d:\임진성\c++\6달\임진성 - dragon's crown\소스코드\2dframework\player.cpp(1105): warning C4996: 'sprintf': This function or variable may be unsafe. Consider using sprintf_s instead. To disable deprecation, use _CRT_SECURE_NO_WARNINGS. See online help for details.
  c:\program files (x86)\windows kits\10\include\10.0.17763.0\ucrt\stdio.h(1774): note: 'sprintf' 선언을 참조하십시오.
d:\임진성\c++\6달\임진성 - dragon's crown\소스코드\2dframework\player.cpp(1118): warning C4996: 'sprintf': This function or variable may be unsafe. Consider using sprintf_s instead. To disable deprecation, use _CRT_SECURE_NO_WARNINGS. See online help for details.
  c:\program files (x86)\windows kits\10\include\10.0.17763.0\ucrt\stdio.h(1774): note: 'sprintf' 선언을 참조하십시오.
d:\임진성\c++\6달\임진성 - dragon's crown\소스코드\2dframework\player.cpp(1131): warning C4996: 'sprintf': This function or variable may be unsafe. Consider using sprintf_s instead. To disable deprecation, use _CRT_SECURE_NO_WARNINGS. See online help for details.
  c:\program files (x86)\windows kits\10\include\10.0.17763.0\ucrt\stdio.h(1774): note: 'sprintf' 선언을 참조하십시오.
d:\임진성\c++\6달\임진성 - dragon's crown\소스코드\2dframework\player.cpp(1144): warning C4996: 'sprintf': This function or variable may be unsafe. Consider using sprintf_s instead. To disable deprecation, use _CRT_SECURE_NO_WARNINGS. See online help for details.
  c:\program files (x86)\windows kits\10\include\10.0.17763.0\ucrt\stdio.h(1774): note: 'sprintf' 선언을 참조하십시오.
d:\임진성\c++\6달\임진성 - dragon's crown\소스코드\2dframework\player.cpp(1157): warning C4996: 'sprintf': This function or variable may be unsafe. Consider using sprintf_s instead. To disable deprecation, use _CRT_SECURE_NO_WARNINGS. See online help for details.
  c:\program files (x86)\windows kits\10\include\10.0.17763.0\ucrt\stdio.h(1774): note: 'sprintf' 선언을 참조하십시오.
d:\임진성\c++\6달\임진성 - dragon's crown\소스코드\2dframework\player.cpp(1170): warning C4996: 'sprintf': This function or variable may be unsafe. Consider using sprintf_s instead. To disable deprecation, use _CRT_SECURE_NO_WARNINGS. See online help for details.
  c:\program files (x86)\windows kits\10\include\10.0.17763.0\ucrt\stdio.h(1774): note: 'sprintf' 선언을 참조하십시오.
d:\임진성\c++\6달\임진성 - dragon's crown\소스코드\2dframework\player.cpp(1183): warning C4996: 'sprintf': This function or variable may be unsafe. Consider using sprintf_s instead. To disable deprecation, use _CRT_SECURE_NO_WARNINGS. See online help for details.
  c:\program files (x86)\windows kits\10\include\10.0.17763.0\ucrt\stdio.h(1774): note: 'sprintf' 선언을 참조하십시오.
d:\임진성\c++\6달\임진성 - dragon's crown\소스코드\2dframework\player.cpp(1340): warning C4553: '==': 식의 결과가 사용되지 않습니다. '='을(를) 의도했습니까?
d:\임진성\c++\6달\임진성 - dragon's crown\소스코드\2dframework\player.cpp(1621): warning C4554: '&': 연산자 우선 순위에 오류가 있는지 확인하세요. 괄호를 사용하여 우선 순위를 명확하게 지정하세요.
d:\임진성\c++\6달\임진성 - dragon's crown\소스코드\2dframework\player.cpp(1829): warning C4554: '&': 연산자 우선 순위에 오류가 있는지 확인하세요. 괄호를 사용하여 우선 순위를 명확하게 지정하세요.
d:\임진성\c++\6달\임진성 - dragon's crown\소스코드\2dframework\player.cpp(2572): warning C4018: '<': signed 또는 unsigned가 일치하지 않습니다.
d:\임진성\c++\6달\임진성 - dragon's crown\소스코드\2dframework\player.cpp(2571): warning C4996: 'sprintf': This function or variable may be unsafe. Consider using sprintf_s instead. To disable deprecation, use _CRT_SECURE_NO_WARNINGS. See online help for details.
  c:\program files (x86)\windows kits\10\include\10.0.17763.0\ucrt\stdio.h(1774): note: 'sprintf' 선언을 참조하십시오.
  20150630_0.vcxproj -> D:\임진성\c++\6달\임진성 - dragon's crown\소스코드\2DFrameWork\Debug\20150630_0.exe
